Mémoire totale : 2,0 GiB
Instanciation du bot "Random"
7 classes ont été trouvées
class awele.bot.random.RandomBot
class awele.bot.first.FirstBot
class awele.bot.last.LastBot
class awele.bot.minmax.MinMaxBot
class awele.bot.knn2.Knn2Bot
class awele.bot.oewale.OewaleBot
class awele.bot.knn1.Knn1Bot

Bot 1/7
Classe : awele.bot.random.RandomBot
Instanciation du bot "Random"
Nom du bot : Random
Auteur(s) : Alexandre Blansché
Temps d'apprentissage : 00:00:00.000
Durée d'une prise de décision : 00:00:00.000
Usage mémoire : 0 B
Usage mémoire maximum : 390,0 KiB

Bot 2/7
Classe : awele.bot.first.FirstBot
Instanciation du bot "First"
Nom du bot : First
Auteur(s) : Alexandre Blansché
Temps d'apprentissage : 00:00:00.000
Durée d'une prise de décision : 00:00:00.000
Usage mémoire : 848 B
Usage mémoire maximum : 411,6 KiB

Bot 3/7
Classe : awele.bot.last.LastBot
Instanciation du bot "Last"
Nom du bot : Last
Auteur(s) : Alexandre Blansché
Temps d'apprentissage : 00:00:00.000
Durée d'une prise de décision : 00:00:00.000
Usage mémoire : 672 B
Usage mémoire maximum : 428,9 KiB

Bot 4/7
Classe : awele.bot.minmax.MinMaxBot
Instanciation du bot "MinMax"
Nom du bot : MinMax
Auteur(s) : Alexandre Blansché
Temps d'apprentissage : 00:00:00.000
Durée d'une prise de décision : 00:00:00.068
Usage mémoire : 1,5 KiB
Usage mémoire maximum : 68,0 MiB

Bot 5/7
Classe : awele.bot.knn2.Knn2Bot
Instanciation du bot "k-NN2"
Nom du bot : k-NN2
Auteur(s) : Alexandre Blansché
Temps d'apprentissage : 00:00:00.007
Durée d'une prise de décision : 00:00:00.000
Usage mémoire : 25,9 KiB
Usage mémoire maximum : 1,6 MiB

Bot 6/7
Classe : awele.bot.oewale.OewaleBot
Nom du bot : 
Bot "awele.bot.oewale.OewaleBot" disqualifié : ne peut pas être instancié
java.lang.IndexOutOfBoundsException: Index 0 out of bounds for length 0

Bot 7/7
Classe : awele.bot.knn1.Knn1Bot
Instanciation du bot "k-NN1"
Nom du bot : k-NN1
Auteur(s) : Alexandre Blansché
Temps d'apprentissage : 00:00:00.002
Durée d'une prise de décision : 00:00:00.000
Usage mémoire : 12,6 KiB
Usage mémoire maximum : 1,0 MiB

6 bots ont été instanciés
Durée du chargement : 00:00:02.664
Mémoire utilisée : 3,6 MiB

Que le championnat commence !

Affrontement 1/15
Random vs. First
Score : 1.57 - 1.42
Random a gagné
Nombre de coups joués : 148.175 par match
Durée : 00:00:00.000 par match
Mémoire utilisée : 3,6 MiB

Affrontement 2/15
Random vs. Last
Score : 0.13 - 2.86
Last a gagné
Nombre de coups joués : 108.05 par match
Durée : 00:00:00.000 par match
Mémoire utilisée : 3,6 MiB

Affrontement 3/15
Random vs. MinMax
