Mémoire totale : 2,0 GiB
Instanciation du bot "Random"
8 classes ont été trouvées
class awele.bot.random.RandomBot
class awele.bot.first.FirstBot
class awele.bot.last.LastBot
class awele.bot.oewaledeprecated.OewaleBot
class awele.bot.minmax.MinMaxBot
class awele.bot.knn2.Knn2Bot
class awele.bot.oewale.OewaleBot
class awele.bot.knn1.Knn1Bot

Bot 1/8
Classe : awele.bot.random.RandomBot
Instanciation du bot "Random"
Nom du bot : Random
Temps d'apprentissage : 00:00:00.000
Durée d'une prise de décision : 00:00:00.000
Usage mémoire : 0 B
Usage mémoire maximum : 422,1 KiB

Bot 2/8
Classe : awele.bot.first.FirstBot
Nom du bot : 
Bot "awele.bot.first.FirstBot" disqualifié : ne peut pas être instancié
java.lang.IndexOutOfBoundsException: Index 0 out of bounds for length 0

Bot 3/8
Classe : awele.bot.last.LastBot
Instanciation du bot "Last"
Nom du bot : Last
Temps d'apprentissage : 00:00:00.000
Durée d'une prise de décision : 00:00:00.000
Usage mémoire : 608 B
Usage mémoire maximum : 398,0 KiB

Bot 4/8
Classe : awele.bot.oewaledeprecated.OewaleBot
Nom du bot : 
Bot "awele.bot.oewaledeprecated.OewaleBot" disqualifié : ne peut pas être instancié
java.lang.IndexOutOfBoundsException: Index 0 out of bounds for length 0

Bot 5/8
Classe : awele.bot.minmax.MinMaxBot
Nom du bot : 
Bot "awele.bot.minmax.MinMaxBot" disqualifié : ne peut pas être instancié
java.lang.IndexOutOfBoundsException: Index 0 out of bounds for length 0

Bot 6/8
Classe : awele.bot.knn2.Knn2Bot
Nom du bot : 
Bot "awele.bot.knn2.Knn2Bot" disqualifié : ne peut pas être instancié
java.lang.IndexOutOfBoundsException: Index 0 out of bounds for length 0

Bot 7/8
Classe : awele.bot.oewale.OewaleBot
Instanciation du bot "Oewale"
Nom du bot : Oewale
Temps d'apprentissage : 00:00:00.000
Durée d'une prise de décision : 00:00:00.000
Usage mémoire : 2,5 KiB
Usage mémoire maximum : 638,9 KiB

Bot 8/8
Classe : awele.bot.knn1.Knn1Bot
Nom du bot : 
Bot "awele.bot.knn1.Knn1Bot" disqualifié : ne peut pas être instancié
java.lang.IndexOutOfBoundsException: Index 0 out of bounds for length 0

3 bots ont été instanciés
Durée du chargement : 00:00:00.462
Mémoire utilisée : 3,5 MiB

Que le championnat commence !

Affrontement 1/3
Random vs. Last
Score : 0.09 - 2.91
Last a gagné
Nombre de coups joués : 108.765 par match
Durée : 00:00:00.000 par match
Mémoire utilisée : 3,6 MiB

Affrontement 2/3
Random vs. Oewale
Score : 0.15 - 2.85
Oewale a gagné
Nombre de coups joués : 47.06 par match
Durée : 00:00:00.001 par match
Mémoire utilisée : 3,6 MiB

Affrontement 3/3
Last vs. Oewale
Score : 2.05 - 0.94
Last a gagné
Nombre de coups joués : 90.42 par match
Durée : 00:00:00.002 par match
Mémoire utilisée : 3,6 MiB

Durée du championnat : 00:00:01.072

Scores finaux :
Random : 0.24
Last : 4.96
Oewale : 3.79

Rangs :
1. Last : 4.96
2. Oewale : 3.79
3. Random : 0.24
